Payload app starting up
Server task starting
RunServer() starting on port: 0.0.0.0:50054
PayloadServiceImplementation::unlockReleaseMechanism() invoked
PayloadServiceImplementation::releasePayload() invoked
Payload app starting up
Server task starting
RunServer() starting on port: 0.0.0.0:50054
PayloadServiceImplementation::unlockReleaseMechanism() invoked
PayloadServiceImplementation::releasePayload() invoked
Payload app starting up
Server task starting
RunServer() starting on port: 0.0.0.0:50054
PayloadServiceImplementation::unlockReleaseMechanism() invoked
PayloadServiceImplementation::releasePayload() invoked
Payload app starting up
Server task starting
RunServer() starting on port: 0.0.0.0:50054
PayloadServiceImplementation::unlockReleaseMechanism() invoked
PayloadServiceImplementation::releasePayload() invoked
PayloadServiceImplementation::lockReleaseMechanism() invoked
Payload app starting up
Server task starting
RunServer() starting on port: 0.0.0.0:50054
PayloadServiceImplementation::unlockReleaseMechanism() invoked
PayloadServiceImplementation::releasePayload() invoked
PayloadServiceImplementation::lockReleaseMechanism() invoked
